  Source.cpp
D:\Git progs\TText2\TText\TText\TText.h(11,7): error C2143: синтаксическая ошибка: отсутствие ";" перед "*"
D:\Git progs\TText2\TText\TText\TText.h(11,7): error C4430: отсутствует спецификатор типа - предполагается int. Примечание. C++ не поддерживает int по умолчанию
D:\Git progs\TText2\TText\TText\TText.h(11,24): error C2238: непредвиденные лексемы перед ";"
D:\Git progs\TText2\TText\TText\TText.h(12,9): error C2065: TNode: необъявленный идентификатор
D:\Git progs\TText2\TText\TText\TText.h(12,15): error C2059: синтаксическая ошибка: >
D:\Git progs\TText2\TText\TText\TText.h(20,16): error C2061: синтаксическая ошибка: идентификатор "TNode"
D:\Git progs\TText2\TText\TText\TText.h(115,7): error C2143: синтаксическая ошибка: отсутствие ";" перед "*"
D:\Git progs\TText2\TText\TText\TText.h(115,7): error C4430: отсутствует спецификатор типа - предполагается int. Примечание. C++ не поддерживает int по умолчанию
D:\Git progs\TText2\TText\TText\TText.h(116,2): error C2334: непредвиденные лексемы перед "{"; пропуск вероятного тела функции
D:\Git progs\TText2\TText\TText\TText.h(148,16): error C2061: синтаксическая ошибка: идентификатор "TNode"
D:\Git progs\TText2\TText\TText\TText.h(16,3): error C2065: pFirst: необъявленный идентификатор
D:\Git progs\TText2\TText\TText\TText.h(17,3): error C2065: pCurr: необъявленный идентификатор
D:\Git progs\TText2\TText\TText\TText.h(17,11): error C2065: pFirst: необъявленный идентификатор
D:\Git progs\TText2\TText\TText\TText.h(22,3): error C2065: pFirst: необъявленный идентификатор
D:\Git progs\TText2\TText\TText\TText.h(22,12): error C2065: _pFirst: необъявленный идентификатор
D:\Git progs\TText2\TText\TText\TText.h(27,7): error C2065: pCurr: необъявленный идентификатор
D:\Git progs\TText2\TText\TText\TText.h(29,12): error C2065: pCurr: необъявленный идентификатор
D:\Git progs\TText2\TText\TText\TText.h(30,4): error C2065: pCurr: необъявленный идентификатор
D:\Git progs\TText2\TText\TText\TText.h(30,12): error C2065: pCurr: необъявленный идентификатор
D:\Git progs\TText2\TText\TText\TText.h(36,7): error C2065: pCurr: необъявленный идентификатор
D:\Git progs\TText2\TText\TText\TText.h(38,12): error C2065: pCurr: необъявленный идентификатор
D:\Git progs\TText2\TText\TText\TText.h(39,4): error C2065: pCurr: необъявленный идентификатор
D:\Git progs\TText2\TText\TText\TText.h(39,12): error C2065: pCurr: необъявленный идентификатор
D:\Git progs\TText2\TText\TText\TText.h(45,3): error C2065: pCurr: необъявленный идентификатор
D:\Git progs\TText2\TText\TText\TText.h(45,11): error C2065: pFirst: необъявленный идентификатор
D:\Git progs\TText2\TText\TText\TText.h(51,7): error C2065: pCurr: необъявленный идентификатор
D:\Git progs\TText2\TText\TText\TText.h(53,4): error C2065: TNode: необъявленный идентификатор
D:\Git progs\TText2\TText\TText\TText.h(53,11): error C2065: newStr: необъявленный идентификатор
D:\Git progs\TText2\TText\TText\TText.h(53,24): error C2061: синтаксическая ошибка: идентификатор "TNode"
D:\Git progs\TText2\TText\TText\TText.h(54,4): error C2065: newStr: необъявленный идентификатор
D:\Git progs\TText2\TText\TText\TText.h(54,20): error C2065: pCurr: необъявленный идентификатор
D:\Git progs\TText2\TText\TText\TText.h(55,4): error C2065: pCurr: необъявленный идентификатор
D:\Git progs\TText2\TText\TText\TText.h(55,19): error C2065: newStr: необъявленный идентификатор
D:\Git progs\TText2\TText\TText\TText.h(61,7): error C2065: pCurr: необъявленный идентификатор
D:\Git progs\TText2\TText\TText\TText.h(63,4): error C2065: TNode: необъявленный идентификатор
D:\Git progs\TText2\TText\TText\TText.h(63,11): error C2065: newStr: необъявленный идентификатор
D:\Git progs\TText2\TText\TText\TText.h(63,24): error C2061: синтаксическая ошибка: идентификатор "TNode"
D:\Git progs\TText2\TText\TText\TText.h(64,4): error C2065: newStr: необъявленный идентификатор
D:\Git progs\TText2\TText\TText\TText.h(64,20): error C2065: pCurr: необъявленный идентификатор
D:\Git progs\TText2\TText\TText\TText.h(65,4): error C2065: pCurr: необъявленный идентификатор
D:\Git progs\TText2\TText\TText\TText.h(65,19): error C2065: newStr: необъявленный идентификатор
D:\Git progs\TText2\TText\TText\TText.h(71,7): error C2065: pCurr: необъявленный идентификатор
D:\Git progs\TText2\TText\TText\TText.h(73,4): error C2065: TNode: необъявленный идентификатор
D:\Git progs\TText2\TText\TText\TText.h(73,11): error C2065: newStr: необъявленный идентификатор
D:\Git progs\TText2\TText\TText\TText.h(73,24): error C2061: синтаксическая ошибка: идентификатор "TNode"
D:\Git progs\TText2\TText\TText\TText.h(74,4): error C2065: newStr: необъявленный идентификатор
D:\Git progs\TText2\TText\TText\TText.h(74,20): error C2065: pCurr: необъявленный идентификатор
D:\Git progs\TText2\TText\TText\TText.h(75,4): error C2065: pCurr: необъявленный идентификатор
D:\Git progs\TText2\TText\TText\TText.h(75,19): error C2065: newStr: необъявленный идентификатор
D:\Git progs\TText2\TText\TText\TText.h(81,7): error C2065: pCurr: необъявленный идентификатор
D:\Git progs\TText2\TText\TText\TText.h(83,4): error C2065: TNode: необъявленный идентификатор
D:\Git progs\TText2\TText\TText\TText.h(83,11): error C2065: newStr: необъявленный идентификатор
D:\Git progs\TText2\TText\TText\TText.h(83,24): error C2061: синтаксическая ошибка: идентификатор "TNode"
D:\Git progs\TText2\TText\TText\TText.h(84,4): error C2065: newStr: необъявленный идентификатор
D:\Git progs\TText2\TText\TText\TText.h(84,20): error C2065: pCurr: необъявленный идентификатор
D:\Git progs\TText2\TText\TText\TText.h(85,4): error C2065: pCurr: необъявленный идентификатор
D:\Git progs\TText2\TText\TText\TText.h(85,19): error C2065: newStr: необъявленный идентификатор
D:\Git progs\TText2\TText\TText\TText.h(91,7): error C2065: pCurr: необъявленный идентификатор
D:\Git progs\TText2\TText\TText\TText.h(93,8): error C2065: pCurr: необъявленный идентификатор
D:\Git progs\TText2\TText\TText\TText.h(95,5): error C2065: TNode: необъявленный идентификатор
D:\Git progs\TText2\TText\TText\TText.h(95,12): error C2065: del: необъявленный идентификатор
D:\Git progs\TText2\TText\TText\TText.h(95,18): error C2065: pCurr: необъявленный идентификатор
D:\Git progs\TText2\TText\TText\TText.h(96,5): error C2065: pCurr: необъявленный идентификатор
D:\Git progs\TText2\TText\TText\TText.h(96,20): error C2065: del: необъявленный идентификатор
D:\Git progs\TText2\TText\TText\TText.h(97,12): error C2065: del: необъявленный идентификатор
D:\Git progs\TText2\TText\TText\TText.h(97,1): error C2541: delete: нельзя удалять объекты, не являющиеся указателями
D:\Git progs\TText2\TText\TText\TText.h(104,7): error C2065: pCurr: необъявленный идентификатор
D:\Git progs\TText2\TText\TText\TText.h(106,8): error C2065: pCurr: необъявленный идентификатор
D:\Git progs\TText2\TText\TText\TText.h(108,5): error C2065: TNode: необъявленный идентификатор
D:\Git progs\TText2\TText\TText\TText.h(108,12): error C2065: del: необъявленный идентификатор
D:\Git progs\TText2\TText\TText\TText.h(108,18): error C2065: pCurr: необъявленный идентификатор
D:\Git progs\TText2\TText\TText\TText.h(109,5): error C2065: pCurr: необъявленный идентификатор
D:\Git progs\TText2\TText\TText\TText.h(109,20): error C2065: del: необъявленный идентификатор
D:\Git progs\TText2\TText\TText\TText.h(110,12): error C2065: del: необъявленный идентификатор
D:\Git progs\TText2\TText\TText\TText.h(110,1): error C2541: delete: нельзя удалять объекты, не являющиеся указателями
D:\Git progs\TText2\TText\TText\TText.h(145,3): error C2065: pFirst: необъявленный идентификатор
D:\Git progs\TText2\TText\TText\TText.h(145,12): error C3861: readRec: идентификатор не найден
D:\Git progs\TText2\TText\TText\TText.h(150,7): error C2065: p: необъявленный идентификатор
D:\Git progs\TText2\TText\TText\TText.h(151,12): error C2065: p: необъявленный идентификатор
D:\Git progs\TText2\TText\TText\TText.h(152,8): error C2065: p: необъявленный идентификатор
D:\Git progs\TText2\TText\TText\TText.h(153,5): error C2065: tab: необъявленный идентификатор
D:\Git progs\TText2\TText\TText\TText.h(154,25): error C2065: tab: необъявленный идентификатор
D:\Git progs\TText2\TText\TText\TText.h(159,25): error C2065: tab: необъявленный идентификатор
D:\Git progs\TText2\TText\TText\TText.h(163,14): error C2065: p: необъявленный идентификатор
D:\Git progs\TText2\TText\TText\TText.h(163,24): error C2065: tab: необъявленный идентификатор
D:\Git progs\TText2\TText\TText\TText.h(163,1): error C2660: TText::printRec: функция не принимает 2 аргументов
D:\Git progs\TText2\TText\TText\TText.h(148,7): message : см. объявление "TText::printRec"
D:\Git progs\TText2\TText\TText\TText.h(164,25): error C2065: tab: необъявленный идентификатор
D:\Git progs\TText2\TText\TText\TText.h(169,5): error C2065: tab: необъявленный идентификатор
D:\Git progs\TText2\TText\TText\TText.h(171,8): error C2065: p: необъявленный идентификатор
D:\Git progs\TText2\TText\TText\TText.h(172,25): error C2065: tab: необъявленный идентификатор
D:\Git progs\TText2\TText\TText\TText.h(176,14): error C2065: p: необъявленный идентификатор
D:\Git progs\TText2\TText\TText\TText.h(176,24): error C2065: tab: необъявленный идентификатор
D:\Git progs\TText2\TText\TText\TText.h(176,1): error C2660: TText::printRec: функция не принимает 2 аргументов
D:\Git progs\TText2\TText\TText\TText.h(148,7): message : см. объявление "TText::printRec"
D:\Git progs\TText2\TText\TText\TText.h(183,12): error C2065: pFirst: необъявленный идентификатор
D:\Git progs\TText2\TText\TText\TText.h(189,3): error C2065: pCurr: необъявленный идентификатор
D:\Git progs\TText2\TText\TText\TText.h(189,11): error C2065: pFirst: необъявленный идентификатор
D:\Git progs\TText2\TText\TText\TText.h(190,11): error C2065: pCurr: необъявленный идентификатор
D:\Git progs\TText2\TText\TText\TText.h(191,7): error C2065: pCurr: необъявленный идентификатор
D:\Git progs\TText2\TText\TText\TText.h(192,12): error C2065: pCurr: необъявленный идентификатор
D:\Git progs\TText2\TText\TText\TText.h(194,7): error C2065: pCurr: необъявленный идентификатор
D:\Git progs\TText2\TText\TText\TText.h(195,12): error C2065: pCurr: необъявленный идентификатор
D:\Git progs\TText2\TText\TText\TText.h(201,3): error C2065: pCurr: необъявленный идентификатор
D:\Git progs\TText2\TText\TText\TText.h(202,7): error C2065: pCurr: необъявленный идентификатор
D:\Git progs\TText2\TText\TText\TText.h(202,1): fatal error C1003: число ошибок превышает 100; остановка компиляции
  TText.cpp
D:\Git progs\TText2\TText\TText\TText.h(11,7): error C2143: синтаксическая ошибка: отсутствие ";" перед "*"
D:\Git progs\TText2\TText\TText\TText.h(11,7): error C4430: отсутствует спецификатор типа - предполагается int. Примечание. C++ не поддерживает int по умолчанию
D:\Git progs\TText2\TText\TText\TText.h(11,24): error C2238: непредвиденные лексемы перед ";"
D:\Git progs\TText2\TText\TText\TText.h(12,9): error C2065: TNode: необъявленный идентификатор
D:\Git progs\TText2\TText\TText\TText.h(12,15): error C2059: синтаксическая ошибка: >
D:\Git progs\TText2\TText\TText\TText.h(20,16): error C2061: синтаксическая ошибка: идентификатор "TNode"
D:\Git progs\TText2\TText\TText\TText.h(115,7): error C2143: синтаксическая ошибка: отсутствие ";" перед "*"
D:\Git progs\TText2\TText\TText\TText.h(115,7): error C4430: отсутствует спецификатор типа - предполагается int. Примечание. C++ не поддерживает int по умолчанию
D:\Git progs\TText2\TText\TText\TText.h(116,2): error C2334: непредвиденные лексемы перед "{"; пропуск вероятного тела функции
D:\Git progs\TText2\TText\TText\TText.h(148,16): error C2061: синтаксическая ошибка: идентификатор "TNode"
D:\Git progs\TText2\TText\TText\TText.h(16,3): error C2065: pFirst: необъявленный идентификатор
D:\Git progs\TText2\TText\TText\TText.h(17,3): error C2065: pCurr: необъявленный идентификатор
D:\Git progs\TText2\TText\TText\TText.h(17,11): error C2065: pFirst: необъявленный идентификатор
D:\Git progs\TText2\TText\TText\TText.h(22,3): error C2065: pFirst: необъявленный идентификатор
D:\Git progs\TText2\TText\TText\TText.h(22,12): error C2065: _pFirst: необъявленный идентификатор
D:\Git progs\TText2\TText\TText\TText.h(27,7): error C2065: pCurr: необъявленный идентификатор
D:\Git progs\TText2\TText\TText\TText.h(29,12): error C2065: pCurr: необъявленный идентификатор
D:\Git progs\TText2\TText\TText\TText.h(30,4): error C2065: pCurr: необъявленный идентификатор
D:\Git progs\TText2\TText\TText\TText.h(30,12): error C2065: pCurr: необъявленный идентификатор
D:\Git progs\TText2\TText\TText\TText.h(36,7): error C2065: pCurr: необъявленный идентификатор
D:\Git progs\TText2\TText\TText\TText.h(38,12): error C2065: pCurr: необъявленный идентификатор
D:\Git progs\TText2\TText\TText\TText.h(39,4): error C2065: pCurr: необъявленный идентификатор
D:\Git progs\TText2\TText\TText\TText.h(39,12): error C2065: pCurr: необъявленный идентификатор
D:\Git progs\TText2\TText\TText\TText.h(45,3): error C2065: pCurr: необъявленный идентификатор
D:\Git progs\TText2\TText\TText\TText.h(45,11): error C2065: pFirst: необъявленный идентификатор
D:\Git progs\TText2\TText\TText\TText.h(51,7): error C2065: pCurr: необъявленный идентификатор
D:\Git progs\TText2\TText\TText\TText.h(53,4): error C2065: TNode: необъявленный идентификатор
D:\Git progs\TText2\TText\TText\TText.h(53,11): error C2065: newStr: необъявленный идентификатор
D:\Git progs\TText2\TText\TText\TText.h(53,24): error C2061: синтаксическая ошибка: идентификатор "TNode"
D:\Git progs\TText2\TText\TText\TText.h(54,4): error C2065: newStr: необъявленный идентификатор
D:\Git progs\TText2\TText\TText\TText.h(54,20): error C2065: pCurr: необъявленный идентификатор
D:\Git progs\TText2\TText\TText\TText.h(55,4): error C2065: pCurr: необъявленный идентификатор
D:\Git progs\TText2\TText\TText\TText.h(55,19): error C2065: newStr: необъявленный идентификатор
D:\Git progs\TText2\TText\TText\TText.h(61,7): error C2065: pCurr: необъявленный идентификатор
D:\Git progs\TText2\TText\TText\TText.h(63,4): error C2065: TNode: необъявленный идентификатор
D:\Git progs\TText2\TText\TText\TText.h(63,11): error C2065: newStr: необъявленный идентификатор
D:\Git progs\TText2\TText\TText\TText.h(63,24): error C2061: синтаксическая ошибка: идентификатор "TNode"
D:\Git progs\TText2\TText\TText\TText.h(64,4): error C2065: newStr: необъявленный идентификатор
D:\Git progs\TText2\TText\TText\TText.h(64,20): error C2065: pCurr: необъявленный идентификатор
D:\Git progs\TText2\TText\TText\TText.h(65,4): error C2065: pCurr: необъявленный идентификатор
D:\Git progs\TText2\TText\TText\TText.h(65,19): error C2065: newStr: необъявленный идентификатор
D:\Git progs\TText2\TText\TText\TText.h(71,7): error C2065: pCurr: необъявленный идентификатор
D:\Git progs\TText2\TText\TText\TText.h(73,4): error C2065: TNode: необъявленный идентификатор
D:\Git progs\TText2\TText\TText\TText.h(73,11): error C2065: newStr: необъявленный идентификатор
D:\Git progs\TText2\TText\TText\TText.h(73,24): error C2061: синтаксическая ошибка: идентификатор "TNode"
D:\Git progs\TText2\TText\TText\TText.h(74,4): error C2065: newStr: необъявленный идентификатор
D:\Git progs\TText2\TText\TText\TText.h(74,20): error C2065: pCurr: необъявленный идентификатор
D:\Git progs\TText2\TText\TText\TText.h(75,4): error C2065: pCurr: необъявленный идентификатор
D:\Git progs\TText2\TText\TText\TText.h(75,19): error C2065: newStr: необъявленный идентификатор
D:\Git progs\TText2\TText\TText\TText.h(81,7): error C2065: pCurr: необъявленный идентификатор
D:\Git progs\TText2\TText\TText\TText.h(83,4): error C2065: TNode: необъявленный идентификатор
D:\Git progs\TText2\TText\TText\TText.h(83,11): error C2065: newStr: необъявленный идентификатор
D:\Git progs\TText2\TText\TText\TText.h(83,24): error C2061: синтаксическая ошибка: идентификатор "TNode"
D:\Git progs\TText2\TText\TText\TText.h(84,4): error C2065: newStr: необъявленный идентификатор
D:\Git progs\TText2\TText\TText\TText.h(84,20): error C2065: pCurr: необъявленный идентификатор
D:\Git progs\TText2\TText\TText\TText.h(85,4): error C2065: pCurr: необъявленный идентификатор
D:\Git progs\TText2\TText\TText\TText.h(85,19): error C2065: newStr: необъявленный идентификатор
D:\Git progs\TText2\TText\TText\TText.h(91,7): error C2065: pCurr: необъявленный идентификатор
D:\Git progs\TText2\TText\TText\TText.h(93,8): error C2065: pCurr: необъявленный идентификатор
D:\Git progs\TText2\TText\TText\TText.h(95,5): error C2065: TNode: необъявленный идентификатор
D:\Git progs\TText2\TText\TText\TText.h(95,12): error C2065: del: необъявленный идентификатор
D:\Git progs\TText2\TText\TText\TText.h(95,18): error C2065: pCurr: необъявленный идентификатор
D:\Git progs\TText2\TText\TText\TText.h(96,5): error C2065: pCurr: необъявленный идентификатор
D:\Git progs\TText2\TText\TText\TText.h(96,20): error C2065: del: необъявленный идентификатор
D:\Git progs\TText2\TText\TText\TText.h(97,12): error C2065: del: необъявленный идентификатор
D:\Git progs\TText2\TText\TText\TText.h(97,1): error C2541: delete: нельзя удалять объекты, не являющиеся указателями
D:\Git progs\TText2\TText\TText\TText.h(104,7): error C2065: pCurr: необъявленный идентификатор
D:\Git progs\TText2\TText\TText\TText.h(106,8): error C2065: pCurr: необъявленный идентификатор
D:\Git progs\TText2\TText\TText\TText.h(108,5): error C2065: TNode: необъявленный идентификатор
D:\Git progs\TText2\TText\TText\TText.h(108,12): error C2065: del: необъявленный идентификатор
D:\Git progs\TText2\TText\TText\TText.h(108,18): error C2065: pCurr: необъявленный идентификатор
D:\Git progs\TText2\TText\TText\TText.h(109,5): error C2065: pCurr: необъявленный идентификатор
D:\Git progs\TText2\TText\TText\TText.h(109,20): error C2065: del: необъявленный идентификатор
D:\Git progs\TText2\TText\TText\TText.h(110,12): error C2065: del: необъявленный идентификатор
D:\Git progs\TText2\TText\TText\TText.h(110,1): error C2541: delete: нельзя удалять объекты, не являющиеся указателями
D:\Git progs\TText2\TText\TText\TText.h(145,3): error C2065: pFirst: необъявленный идентификатор
D:\Git progs\TText2\TText\TText\TText.h(145,12): error C3861: readRec: идентификатор не найден
D:\Git progs\TText2\TText\TText\TText.h(150,7): error C2065: p: необъявленный идентификатор
D:\Git progs\TText2\TText\TText\TText.h(151,12): error C2065: p: необъявленный идентификатор
D:\Git progs\TText2\TText\TText\TText.h(152,8): error C2065: p: необъявленный идентификатор
D:\Git progs\TText2\TText\TText\TText.h(153,5): error C2065: tab: необъявленный идентификатор
D:\Git progs\TText2\TText\TText\TText.h(154,25): error C2065: tab: необъявленный идентификатор
D:\Git progs\TText2\TText\TText\TText.h(159,25): error C2065: tab: необъявленный идентификатор
D:\Git progs\TText2\TText\TText\TText.h(163,14): error C2065: p: необъявленный идентификатор
D:\Git progs\TText2\TText\TText\TText.h(163,24): error C2065: tab: необъявленный идентификатор
D:\Git progs\TText2\TText\TText\TText.h(163,1): error C2660: TText::printRec: функция не принимает 2 аргументов
D:\Git progs\TText2\TText\TText\TText.h(148,7): message : см. объявление "TText::printRec"
D:\Git progs\TText2\TText\TText\TText.h(164,25): error C2065: tab: необъявленный идентификатор
D:\Git progs\TText2\TText\TText\TText.h(169,5): error C2065: tab: необъявленный идентификатор
D:\Git progs\TText2\TText\TText\TText.h(171,8): error C2065: p: необъявленный идентификатор
D:\Git progs\TText2\TText\TText\TText.h(172,25): error C2065: tab: необъявленный идентификатор
D:\Git progs\TText2\TText\TText\TText.h(176,14): error C2065: p: необъявленный идентификатор
D:\Git progs\TText2\TText\TText\TText.h(176,24): error C2065: tab: необъявленный идентификатор
D:\Git progs\TText2\TText\TText\TText.h(176,1): error C2660: TText::printRec: функция не принимает 2 аргументов
D:\Git progs\TText2\TText\TText\TText.h(148,7): message : см. объявление "TText::printRec"
D:\Git progs\TText2\TText\TText\TText.h(183,12): error C2065: pFirst: необъявленный идентификатор
D:\Git progs\TText2\TText\TText\TText.h(189,3): error C2065: pCurr: необъявленный идентификатор
D:\Git progs\TText2\TText\TText\TText.h(189,11): error C2065: pFirst: необъявленный идентификатор
D:\Git progs\TText2\TText\TText\TText.h(190,11): error C2065: pCurr: необъявленный идентификатор
D:\Git progs\TText2\TText\TText\TText.h(191,7): error C2065: pCurr: необъявленный идентификатор
D:\Git progs\TText2\TText\TText\TText.h(192,12): error C2065: pCurr: необъявленный идентификатор
D:\Git progs\TText2\TText\TText\TText.h(194,7): error C2065: pCurr: необъявленный идентификатор
D:\Git progs\TText2\TText\TText\TText.h(195,12): error C2065: pCurr: необъявленный идентификатор
D:\Git progs\TText2\TText\TText\TText.h(201,3): error C2065: pCurr: необъявленный идентификатор
D:\Git progs\TText2\TText\TText\TText.h(202,7): error C2065: pCurr: необъявленный идентификатор
D:\Git progs\TText2\TText\TText\TText.h(202,1): fatal error C1003: число ошибок превышает 100; остановка компиляции
  Создание кода...
